<?xml version="1.0" encoding="UTF-8"?>
<testng-results ignored="0" total="0" passed="0" failed="0" skipped="0">
  <reporter-output>
  </reporter-output>
  <suite started-at="2022-12-27T17:25:39 IST" name="Run My First Test" finished-at="2022-12-27T17:25:39 IST" duration-ms="13">
    <groups>
    </groups>
    <test started-at="2022-12-27T17:25:39 IST" name="FirstTests" finished-at="2022-12-27T17:25:39 IST" duration-ms="13">
    </test> <!-- FirstTests -->
  </suite> <!-- Run My First Test -->
</testng-results>
